<?xml version="1.0" encoding="UTF-8"?>
<!-- Generated by org.testng.reporters.JUnitXMLReporter -->
<testsuite hostname="WIN-VD2A22OR3A2" name="Default test" tests="4" failures="0" timestamp="19 Feb 2015 13:05:54 GMT" time="6.362" errors="0">
  <testcase name="testEmptyGroupCreation" time="0.984" classname="com.example.tests.GroupCreationTests"/>
  <testcase name="testNonEmptyGroupCreation" time="0.812" classname="com.example.tests.GroupCreationTests"/>
  <testcase name="testEmptyGroupCreation" time="0.75" classname="com.example.tests.AnotherGroupCreationTests"/>
  <testcase name="testNonEmptyGroupCreation" time="0.766" classname="com.example.tests.AnotherGroupCreationTests"/>
</testsuite> <!-- Default test -->
